<?xml version="1.0" encoding="UTF-8"?>
<!-- Generated by org.testng.reporters.JUnitXMLReporter -->
<testsuite ignored="0" hostname="BLRPC12" failures="0" tests="2" name="Surefire test" time="26.511" errors="0" timestamp="15 Aug 2020 05:39:27 GMT">
  <testcase classname="com.mobil.qa.testcases.PrintpopuppageTest" name="verifyprintpopuppagetitletest" time="0.011"/>
  <testcase classname="com.mobil.qa.testcases.HomePageTest" name="verifyhomepagtitletest" time="0.012"/>
</testsuite> <!-- Surefire test -->
