<?xml version="1.0" encoding="UTF-8"?>
<!-- Generated by org.testng.reporters.JUnitXMLReporter -->
<testsuite ignored="2" hostname="BLRPC12" failures="0" tests="1" name="Default test" time="14.79" errors="0" timestamp="15 Aug 2020 05:00:32 GMT">
  <testcase classname="com.mobil.qa.testcases.LoginPageTest" name="loginpagetitletest" time="0.072"/>
  <testcase classname="com.mobil.qa.testcases.LoginPageTest" name="login" time="0.0">
    <ignored/>
  </testcase> <!-- login -->
  <testcase classname="com.mobil.qa.testcases.LoginPageTest" name="loginbuttontest" time="0.0">
    <ignored/>
  </testcase> <!-- loginbuttontest -->
</testsuite> <!-- Default test -->
