<?xml version="1.0" encoding="UTF-8"?>
<!-- Generated by org.testng.reporters.JUnitXMLReporter -->
<testsuite hostname="BLRPC12" ignored="0" name="mobilpro application test" tests="2" failures="0" timestamp="13 Aug 2020 12:43:32 GMT" time="23.14" errors="0">
  <testcase name="verifyprintpopuppagetitletest" time="0.014" classname="com.mobil.qa.testcases.PrintpopuppageTest"/>
  <testcase name="createmobilproentrytest" time="3.527" classname="com.mobil.qa.testcases.PrintpopuppageTest"/>
</testsuite> <!-- mobilpro application test -->
