<?xml version="1.0" encoding="UTF-8"?>
<testsuite xmlns:xsi="http://www.w3.org/2001/XMLSchema-instance" xsi:noNamespaceSchemaLocation="https://maven.apache.org/surefire/maven-surefire-plugin/xsd/surefire-test-report.xsd" name="TestSuite" time="26.907" tests="2" errors="0" skipped="0" failures="0">
  <properties>
[...]
</properties>
  <testcase name="verifyprintpopuppagetitletest" classname="com.mobil.qa.testcases.PrintpopuppageTest" time="0.014"/>
  <testcase name="verifyhomepagtitletest" classname="com.mobil.qa.testcases.HomePageTest" time="0.012"/>
</testsuite>