<?xml version="1.0" encoding="UTF-8"?>
<testng-results ignored="0" total="2" passed="2" failed="0" skipped="0">
  <reporter-output>
  </reporter-output>
  <suite started-at="2020-08-15T05:39:00Z" name="Surefire suite" finished-at="2020-08-15T05:39:27Z" duration-ms="26511">
    <groups>
    </groups>
    <test started-at="2020-08-15T05:39:00Z" name="Surefire test" finished-at="2020-08-15T05:39:27Z" duration-ms="26511">
      <class name="com.mobil.qa.testcases.PrintpopuppageTest">
        <test-method is-config="true" signature="setup()[pri:0, instance:com.mobil.qa.testcases.PrintpopuppageTest@15bfd87]" started-at="2020-08-15T05:39:00Z" name="setup" finished-at="2020-08-15T05:39:19Z" duration-ms="18782" status="PASS">
          <reporter-output>
          </reporter-output>
        </test-method> <!-- setup -->
        <test-method signature="verifyprintpopuppagetitletest()[pri:0, instance:com.mobil.qa.testcases.PrintpopuppageTest@15bfd87]" started-at="2020-08-15T05:39:19Z" name="verifyprintpopuppagetitletest" finished-at="2020-08-15T05:39:19Z" duration-ms="11" status="PASS">
          <reporter-output>
          </reporter-output>
        </test-method> <!-- verifyprintpopuppagetitletest -->
        <test-method is-config="true" signature="teardown()[pri:0, instance:com.mobil.qa.testcases.PrintpopuppageTest@15bfd87]" started-at="2020-08-15T05:39:19Z" name="teardown" finished-at="2020-08-15T05:39:20Z" duration-ms="634" status="PASS">
          <reporter-output>
          </reporter-output>
        </test-method> <!-- teardown -->
      </class> <!-- com.mobil.qa.testcases.PrintpopuppageTest -->
      <class name="com.mobil.qa.testcases.HomePageTest">
        <test-method is-config="true" signature="setup()[pri:0, instance:com.mobil.qa.testcases.HomePageTest@80169cf]" started-at="2020-08-15T05:39:20Z" name="setup" finished-at="2020-08-15T05:39:26Z" duration-ms="6421" status="PASS">
          <reporter-output>
          </reporter-output>
        </test-method> <!-- setup -->
        <test-method signature="verifyhomepagtitletest()[pri:1, instance:com.mobil.qa.testcases.HomePageTest@80169cf]" started-at="2020-08-15T05:39:26Z" name="verifyhomepagtitletest" finished-at="2020-08-15T05:39:26Z" duration-ms="12" status="PASS">
          <reporter-output>
          </reporter-output>
        </test-method> <!-- verifyhomepagtitletest -->
        <test-method is-config="true" signature="teardown()[pri:0, instance:com.mobil.qa.testcases.HomePageTest@80169cf]" started-at="2020-08-15T05:39:26Z" name="teardown" finished-at="2020-08-15T05:39:27Z" duration-ms="632" status="PASS">
          <reporter-output>
          </reporter-output>
        </test-method> <!-- teardown -->
      </class> <!-- com.mobil.qa.testcases.HomePageTest -->
    </test> <!-- Surefire test -->
  </suite> <!-- Surefire suite -->
</testng-results>
